D:\TESTPROGRAM\DATASTRUCTSVN\DATASTRUCTEXAM\DEBUG\BINTREE.OBJ
D:\TESTPROGRAM\DATASTRUCTSVN\DATASTRUCTEXAM\DEBUG\BINTREELINKEDSTACK.OBJ
D:\TESTPROGRAM\DATASTRUCTSVN\DATASTRUCTEXAM\DEBUG\BINTREEMAIN.OBJ
D:\TESTPROGRAM\DATASTRUCTSVN\DATASTRUCTEXAM\DEBUG\VC110.PDB
D:\TESTPROGRAM\DATASTRUCTSVN\DATASTRUCTEXAM\DEBUG\LINKEDSTACK.OBJ
D:\TESTPROGRAM\DATASTRUCTSVN\DATASTRUCTEXAM\DEBUG\MAIN.OBJ
D:\TESTPROGRAM\DATASTRUCTSVN\DEBUG\DATASTRUCTEXAM.ILK
D:\TESTPROGRAM\DATASTRUCTSVN\DEBUG\DATASTRUCTEXAM.EXE
D:\TESTPROGRAM\DATASTRUCTSVN\DEBUG\DATASTRUCTEXAM.PDB
D:\TestProgram\DataStructSVN\DataStructExam\Debug\bintree.obj
D:\TestProgram\DataStructSVN\DataStructExam\Debug\bintreelinkedstack.obj
D:\TestProgram\DataStructSVN\DataStructExam\Debug\bintreeMain.obj
D:\TestProgram\DataStructSVN\DataStructExam\Debug\LinkedStack.obj
D:\TestProgram\DataStructSVN\DataStructExam\Debug\Main.obj
D:\TestProgram\DataStructSVN\DataStructExam\Debug\cl.command.1.tlog
D:\TestProgram\DataStructSVN\DataStructExam\Debug\CL.read.1.tlog
D:\TestProgram\DataStructSVN\DataStructExam\Debug\CL.write.1.tlog
D:\TestProgram\DataStructSVN\DataStructExam\Debug\link-cvtres.read.1.tlog
D:\TestProgram\DataStructSVN\DataStructExam\Debug\link-cvtres.write.1.tlog
D:\TestProgram\DataStructSVN\DataStructExam\Debug\link-rc.read.1.tlog
D:\TestProgram\DataStructSVN\DataStructExam\Debug\link-rc.write.1.tlog
D:\TestProgram\DataStructSVN\DataStructExam\Debug\link.24844-cvtres.read.1.tlog
D:\TestProgram\DataStructSVN\DataStructExam\Debug\link.24844-cvtres.write.1.tlog
D:\TestProgram\DataStructSVN\DataStructExam\Debug\link.24844-rc.read.1.tlog
D:\TestProgram\DataStructSVN\DataStructExam\Debug\link.24844-rc.write.1.tlog
D:\TestProgram\DataStructSVN\DataStructExam\Debug\link.24844.read.1.tlog
D:\TestProgram\DataStructSVN\DataStructExam\Debug\link.24844.write.1.tlog
D:\TestProgram\DataStructSVN\DataStructExam\Debug\link.command.1.tlog
D:\TestProgram\DataStructSVN\DataStructExam\Debug\link.read.1.tlog
D:\TestProgram\DataStructSVN\DataStructExam\Debug\link.write.1.tlog
D:\TestProgram\DataStructSVN\DataStructExam\Debug\vc110.idb
D:\TestProgram\DataStructSVN\DataStructExam\Debug\vc110.pdb
D:\TestProgram\DataStructSVN\Debug\DataStructExam.pdb
